{"log":
 [{"message":
   ".> LEAN_PATH=././.lake/build/lib DYLD_LIBRARY_PATH= /Users/kentb/.elan/toolchains/leanprover--lean4---v4.12.0/bin/lean -Dpp.unicode.fun=true -Dpp.proofs.withType=false ././././BPlusTreeLean/BPlusTree.lean -R ./././. -o ././.lake/build/lib/BPlusTreeLean/BPlusTree.olean -i ././.lake/build/lib/BPlusTreeLean/BPlusTree.ilean -c ././.lake/build/ir/BPlusTreeLean/BPlusTree.c --json",
   "level": "trace"},
  {"message":
   "././././BPlusTreeLean/BPlusTree.lean:145:8: declaration uses 'sorry'",
   "level": "warning"},
  {"message":
   "././././BPlusTreeLean/BPlusTree.lean:152:8: declaration uses 'sorry'",
   "level": "warning"},
  {"message":
   "././././BPlusTreeLean/BPlusTree.lean:158:8: declaration uses 'sorry'",
   "level": "warning"},
  {"message":
   "././././BPlusTreeLean/BPlusTree.lean:165:8: declaration uses 'sorry'",
   "level": "warning"},
  {"message":
   "././././BPlusTreeLean/BPlusTree.lean:217:4: declaration uses 'sorry'",
   "level": "warning"},
  {"message":
   "././././BPlusTreeLean/BPlusTree.lean:234:4: declaration uses 'sorry'",
   "level": "warning"},
  {"message":
   "././././BPlusTreeLean/BPlusTree.lean:237:4: declaration uses 'sorry'",
   "level": "warning"},
  {"message":
   "././././BPlusTreeLean/BPlusTree.lean:240:4: declaration uses 'sorry'",
   "level": "warning"},
  {"message":
   "././././BPlusTreeLean/BPlusTree.lean:245:8: declaration uses 'sorry'",
   "level": "warning"},
  {"message":
   "././././BPlusTreeLean/BPlusTree.lean:250:8: declaration uses 'sorry'",
   "level": "warning"},
  {"message":
   "././././BPlusTreeLean/BPlusTree.lean:254:8: declaration uses 'sorry'",
   "level": "warning"},
  {"message":
   "././././BPlusTreeLean/BPlusTree.lean:258:8: declaration uses 'sorry'",
   "level": "warning"}],
 "depHash": "10633583210334679382"}